2025-01-25 21:52:33 [background-preinit] INFO  o.h.validator.internal.util.Version - HV000001: Hibernate Validator 8.0.2.Final
2025-01-25 21:52:33 [main] INFO  c.z.c.CareConnectApplication - Starting CareConnectApplication using Java 21.0.1 with PID 2688 (C:\Users\zjebb\IdeaProjects\CareConnect\target\classes started by zjebb in C:\Users\zjebb\IdeaProjects\CareConnect)
2025-01-25 21:52:33 [main] INFO  c.z.c.CareConnectApplication - No active profile set, falling back to 1 default profile: "default"
2025-01-25 21:52:33 [main] INFO  o.s.d.r.c.RepositoryConfigurationDelegate - Bootstrapping Spring Data JPA repositories in DEFAULT mode.
2025-01-25 21:52:33 [main] INFO  o.s.d.r.c.RepositoryConfigurationDelegate - Finished Spring Data repository scanning in 22 ms. Found 4 JPA repository interfaces.
2025-01-25 21:52:33 [main] INFO  o.s.b.w.e.tomcat.TomcatWebServer - Tomcat initialized with port 8080 (http)
2025-01-25 21:52:33 [main] INFO  o.a.coyote.http11.Http11NioProtocol - Initializing ProtocolHandler ["http-nio-8080"]
2025-01-25 21:52:33 [main] INFO  o.a.catalina.core.StandardService - Starting service [Tomcat]
2025-01-25 21:52:33 [main] INFO  o.a.catalina.core.StandardEngine - Starting Servlet engine: [Apache Tomcat/10.1.34]
2025-01-25 21:52:33 [main] INFO  o.a.c.c.C.[Tomcat].[localhost].[/] - Initializing Spring embedded WebApplicationContext
2025-01-25 21:52:33 [main] INFO  o.s.b.w.s.c.ServletWebServerApplicationContext - Root WebApplicationContext: initialization completed in 484 ms
2025-01-25 21:52:33 [main] INFO  o.h.jpa.internal.util.LogHelper - HHH000204: Processing PersistenceUnitInfo [name: default]
2025-01-25 21:52:33 [main] INFO  org.hibernate.Version - HHH000412: Hibernate ORM core version 6.6.4.Final
2025-01-25 21:52:33 [main] INFO  o.h.c.i.RegionFactoryInitiator - HHH000026: Second-level cache disabled
2025-01-25 21:52:33 [main] INFO  o.s.o.j.p.SpringPersistenceUnitInfo - No LoadTimeWeaver setup: ignoring JPA class transformer
2025-01-25 21:52:33 [main] INFO  com.zaxxer.hikari.HikariDataSource - HikariPool-1 - Starting...
2025-01-25 21:52:33 [main] INFO  com.zaxxer.hikari.pool.HikariPool - HikariPool-1 - Added connection org.postgresql.jdbc.PgConnection@7185e611
2025-01-25 21:52:33 [main] INFO  com.zaxxer.hikari.HikariDataSource - HikariPool-1 - Start completed.
2025-01-25 21:52:33 [main] INFO  o.hibernate.orm.connections.pooling - HHH10001005: Database info:
	Database JDBC URL [Connecting through datasource 'HikariDataSource (HikariPool-1)']
	Database driver: undefined/unknown
	Database version: 16.1
	Autocommit mode: undefined/unknown
	Isolation level: undefined/unknown
	Minimum pool size: undefined/unknown
	Maximum pool size: undefined/unknown
2025-01-25 21:52:33 [main] DEBUG o.h.t.d.sql.spi.DdlTypeRegistry - addDescriptor(2003, org.hibernate.type.descriptor.sql.internal.ArrayDdlTypeImpl@2e3252) replaced previous registration(org.hibernate.type.descriptor.sql.internal.ArrayDdlTypeImpl@77cddc0c)
2025-01-25 21:52:33 [main] DEBUG o.h.t.d.sql.spi.DdlTypeRegistry - addDescriptor(6, org.hibernate.type.descriptor.sql.internal.CapacityDependentDdlType@671d97bc) replaced previous registration(org.hibernate.type.descriptor.sql.internal.DdlTypeImpl@774f2992)
2025-01-25 21:52:34 [main] INFO  o.h.e.t.j.p.i.JtaPlatformInitiator - HHH000489: No JTA platform available (set 'hibernate.transaction.jta.platform' to enable JTA platform integration)
2025-01-25 21:52:34 [main] DEBUG org.hibernate.SQL - 
    set client_min_messages = WARNING
2025-01-25 21:52:34 [main] DEBUG org.hibernate.SQL - 
    alter table if exists appointments 
       drop constraint if exists FKgpgce3qtc5fajyl4j5srcjkcf
2025-01-25 21:52:34 [main] DEBUG org.hibernate.SQL - 
    alter table if exists appointments 
       drop constraint if exists FKcl9b1a19a01yhjcdibna1gjl
2025-01-25 21:52:34 [main] DEBUG org.hibernate.SQL - 
    alter table if exists doctor 
       drop constraint if exists FK11wrxiolc8qa2e64s32xc2yy4
2025-01-25 21:52:34 [main] DEBUG org.hibernate.SQL - 
    alter table if exists patient 
       drop constraint if exists FKie6vajiyur53rjcl5nc2pe83t
2025-01-25 21:52:34 [main] DEBUG org.hibernate.SQL - 
    drop table if exists appointments cascade
2025-01-25 21:52:34 [main] DEBUG org.hibernate.SQL - 
    drop table if exists doctor cascade
2025-01-25 21:52:34 [main] DEBUG org.hibernate.SQL - 
    drop table if exists patient cascade
2025-01-25 21:52:34 [main] DEBUG org.hibernate.SQL - 
    drop table if exists users cascade
2025-01-25 21:52:34 [main] DEBUG org.hibernate.SQL - 
    create table appointments (
        date date not null,
        doctor_id integer not null,
        id integer generated by default as identity,
        patient_id integer not null,
        time time(6) not null,
        created_at timestamp(6),
        updated_at timestamp(6),
        procedure_type varchar(255) not null check (procedure_type in ('CONSULTATION','INTERVENTION','DRESSING','DIAGNOSTIC_TEST','SURGERY','PRESCRIPTION','FOLLOW_UP','EMERGENCY_CARE','VACCINATION')),
        status varchar(255) not null check (status in ('CONFIRMED','CANCELED')),
        primary key (id)
    )
2025-01-25 21:52:34 [main] DEBUG org.hibernate.SQL - 
    create table doctor (
        id integer generated by default as identity,
        user_id integer not null unique,
        about varchar(255),
        specialty varchar(255) not null check (specialty in ('FAMILY_MEDICINE','INTERNAL_MEDICINE','PEDIATRICS','GERIATRICS','GENERAL_SURGERY','ORTHOPEDICS','NEUROSURGERY','PLASTIC_SURGERY','CARDIOTHORACIC_SURGERY','UROLOGY','VASCULAR_SURGERY','RADIOLOGY','PATHOLOGY','CARDIOLOGY','NEUROLOGY','GASTROENTEROLOGY','HEMATOLOGY','ONCOLOGY','INFECTIOUS_DISEASE','RHEUMATOLOGY','ENDOCRINOLOGY','NEPHROLOGY','PULMONOLOGY','ALLERGY_AND_IMMUNOLOGY','OBSTETRICS_AND_GYNECOLOGY','EMERGENCY_MEDICINE','CRITICAL_CARE','PSYCHIATRY','DERMATOLOGY','OPHTHALMOLOGY','OTOLARYNGOLOGY','ANESTHESIOLOGY','DENTISTRY','SPORTS_MEDICINE','PHYSICAL_MEDICINE_AND_REHABILITATION','PREVENTIVE_MEDICINE','OCCUPATIONAL_MEDICINE','MEDICAL_GENETICS')),
        primary key (id)
    )
2025-01-25 21:52:34 [main] DEBUG org.hibernate.SQL - 
    create table patient (
        birthday date,
        create_time date,
        id integer generated by default as identity,
        user_id integer not null unique,
        address varchar(255),
        gender varchar(255),
        primary key (id)
    )
2025-01-25 21:52:34 [main] DEBUG org.hibernate.SQL - 
    create table users (
        created_at date,
        id integer generated by default as identity,
        email varchar(255) not null unique,
        name varchar(255) not null,
        password varchar(255) not null,
        phone varchar(255) not null unique,
        role varchar(255) not null check (role in ('PATIENT','DOCTOR','ADMIN','ASSISTANT')),
        primary key (id)
    )
2025-01-25 21:52:34 [main] DEBUG org.hibernate.SQL - 
    alter table if exists appointments 
       add constraint FKgpgce3qtc5fajyl4j5srcjkcf 
       foreign key (doctor_id) 
       references doctor
2025-01-25 21:52:34 [main] DEBUG org.hibernate.SQL - 
    alter table if exists appointments 
       add constraint FKcl9b1a19a01yhjcdibna1gjl 
       foreign key (patient_id) 
       references patient
2025-01-25 21:52:34 [main] DEBUG org.hibernate.SQL - 
    alter table if exists doctor 
       add constraint FK11wrxiolc8qa2e64s32xc2yy4 
       foreign key (user_id) 
       references users
2025-01-25 21:52:34 [main] DEBUG org.hibernate.SQL - 
    alter table if exists patient 
       add constraint FKie6vajiyur53rjcl5nc2pe83t 
       foreign key (user_id) 
       references users
2025-01-25 21:52:34 [main] INFO  o.s.o.j.LocalContainerEntityManagerFactoryBean - Initialized JPA EntityManagerFactory for persistence unit 'default'
2025-01-25 21:52:34 [main] WARN  o.s.b.a.o.j.JpaBaseConfiguration$JpaWebConfiguration - spring.jpa.open-in-view is enabled by default. Therefore, database queries may be performed during view rendering. Explicitly configure spring.jpa.open-in-view to disable this warning
2025-01-25 21:52:34 [main] INFO  o.a.coyote.http11.Http11NioProtocol - Starting ProtocolHandler ["http-nio-8080"]
2025-01-25 21:52:34 [main] INFO  o.s.b.w.e.tomcat.TomcatWebServer - Tomcat started on port 8080 (http) with context path '/'
2025-01-25 21:52:34 [main] INFO  c.z.c.CareConnectApplication - Started CareConnectApplication in 1.802 seconds (process running for 2.235)
2025-01-26 00:47:05 [HikariPool-1 housekeeper] WARN  com.zaxxer.hikari.pool.HikariPool - HikariPool-1 - Thread starvation or clock leap detected (housekeeper delta=2h13m20s695ms924µs299ns).
2025-01-26 00:49:28 [SpringApplicationShutdownHook] INFO  o.s.b.w.e.tomcat.GracefulShutdown - Commencing graceful shutdown. Waiting for active requests to complete
2025-01-26 00:49:28 [tomcat-shutdown] INFO  o.s.b.w.e.tomcat.GracefulShutdown - Graceful shutdown complete
2025-01-26 00:49:28 [SpringApplicationShutdownHook] INFO  o.s.o.j.LocalContainerEntityManagerFactoryBean - Closing JPA EntityManagerFactory for persistence unit 'default'
2025-01-26 00:49:28 [SpringApplicationShutdownHook] DEBUG org.hibernate.SQL - 
    set client_min_messages = WARNING
2025-01-26 00:49:28 [SpringApplicationShutdownHook] DEBUG org.hibernate.SQL - 
    alter table if exists appointments 
       drop constraint if exists FKgpgce3qtc5fajyl4j5srcjkcf
2025-01-26 00:49:28 [SpringApplicationShutdownHook] DEBUG org.hibernate.SQL - 
    alter table if exists appointments 
       drop constraint if exists FKcl9b1a19a01yhjcdibna1gjl
2025-01-26 00:49:28 [SpringApplicationShutdownHook] DEBUG org.hibernate.SQL - 
    alter table if exists doctor 
       drop constraint if exists FK11wrxiolc8qa2e64s32xc2yy4
2025-01-26 00:49:28 [SpringApplicationShutdownHook] DEBUG org.hibernate.SQL - 
    alter table if exists patient 
       drop constraint if exists FKie6vajiyur53rjcl5nc2pe83t
2025-01-26 00:49:28 [SpringApplicationShutdownHook] DEBUG org.hibernate.SQL - 
    drop table if exists appointments cascade
2025-01-26 00:49:28 [SpringApplicationShutdownHook] DEBUG org.hibernate.SQL - 
    drop table if exists doctor cascade
2025-01-26 00:49:28 [SpringApplicationShutdownHook] DEBUG org.hibernate.SQL - 
    drop table if exists patient cascade
2025-01-26 00:49:28 [SpringApplicationShutdownHook] DEBUG org.hibernate.SQL - 
    drop table if exists users cascade
2025-01-26 00:49:28 [SpringApplicationShutdownHook] INFO  com.zaxxer.hikari.HikariDataSource - HikariPool-1 - Shutdown initiated...
2025-01-26 00:49:28 [SpringApplicationShutdownHook] INFO  com.zaxxer.hikari.HikariDataSource - HikariPool-1 - Shutdown completed.
2025-01-26 01:21:26 [background-preinit] INFO  o.h.validator.internal.util.Version - HV000001: Hibernate Validator 8.0.2.Final
2025-01-26 01:21:26 [main] INFO  c.z.c.CareConnectApplication - Starting CareConnectApplication using Java 21.0.1 with PID 22904 (C:\Users\zjebb\IdeaProjects\CareConnect\target\classes started by zjebb in C:\Users\zjebb\IdeaProjects\CareConnect)
2025-01-26 01:21:26 [main] INFO  c.z.c.CareConnectApplication - No active profile set, falling back to 1 default profile: "default"
2025-01-26 01:21:27 [main] INFO  o.s.d.r.c.RepositoryConfigurationDelegate - Bootstrapping Spring Data JPA repositories in DEFAULT mode.
2025-01-26 01:21:27 [main] INFO  o.s.d.r.c.RepositoryConfigurationDelegate - Finished Spring Data repository scanning in 23 ms. Found 4 JPA repository interfaces.
2025-01-26 01:21:27 [main] INFO  o.s.b.w.e.tomcat.TomcatWebServer - Tomcat initialized with port 8080 (http)
2025-01-26 01:21:27 [main] INFO  o.a.coyote.http11.Http11NioProtocol - Initializing ProtocolHandler ["http-nio-8080"]
2025-01-26 01:21:27 [main] INFO  o.a.catalina.core.StandardService - Starting service [Tomcat]
2025-01-26 01:21:27 [main] INFO  o.a.catalina.core.StandardEngine - Starting Servlet engine: [Apache Tomcat/10.1.34]
2025-01-26 01:21:27 [main] INFO  o.a.c.c.C.[Tomcat].[localhost].[/] - Initializing Spring embedded WebApplicationContext
2025-01-26 01:21:27 [main] INFO  o.s.b.w.s.c.ServletWebServerApplicationContext - Root WebApplicationContext: initialization completed in 506 ms
2025-01-26 01:21:27 [main] INFO  o.h.jpa.internal.util.LogHelper - HHH000204: Processing PersistenceUnitInfo [name: default]
2025-01-26 01:21:27 [main] INFO  org.hibernate.Version - HHH000412: Hibernate ORM core version 6.6.4.Final
2025-01-26 01:21:27 [main] INFO  o.h.c.i.RegionFactoryInitiator - HHH000026: Second-level cache disabled
2025-01-26 01:21:27 [main] INFO  o.s.o.j.p.SpringPersistenceUnitInfo - No LoadTimeWeaver setup: ignoring JPA class transformer
2025-01-26 01:21:27 [main] INFO  com.zaxxer.hikari.HikariDataSource - HikariPool-1 - Starting...
2025-01-26 01:21:27 [main] INFO  com.zaxxer.hikari.pool.HikariPool - HikariPool-1 - Added connection org.postgresql.jdbc.PgConnection@733fae8
2025-01-26 01:21:27 [main] INFO  com.zaxxer.hikari.HikariDataSource - HikariPool-1 - Start completed.
2025-01-26 01:21:27 [main] INFO  o.hibernate.orm.connections.pooling - HHH10001005: Database info:
	Database JDBC URL [Connecting through datasource 'HikariDataSource (HikariPool-1)']
	Database driver: undefined/unknown
	Database version: 16.1
	Autocommit mode: undefined/unknown
	Isolation level: undefined/unknown
	Minimum pool size: undefined/unknown
	Maximum pool size: undefined/unknown
2025-01-26 01:21:27 [main] DEBUG o.h.t.d.sql.spi.DdlTypeRegistry - addDescriptor(2003, org.hibernate.type.descriptor.sql.internal.ArrayDdlTypeImpl@100eeedc) replaced previous registration(org.hibernate.type.descriptor.sql.internal.ArrayDdlTypeImpl@56266bda)
2025-01-26 01:21:27 [main] DEBUG o.h.t.d.sql.spi.DdlTypeRegistry - addDescriptor(6, org.hibernate.type.descriptor.sql.internal.CapacityDependentDdlType@18bb1b88) replaced previous registration(org.hibernate.type.descriptor.sql.internal.DdlTypeImpl@51b51641)
2025-01-26 01:21:28 [main] INFO  o.h.e.t.j.p.i.JtaPlatformInitiator - HHH000489: No JTA platform available (set 'hibernate.transaction.jta.platform' to enable JTA platform integration)
2025-01-26 01:21:28 [main] DEBUG org.hibernate.SQL - 
    set client_min_messages = WARNING
2025-01-26 01:21:28 [main] DEBUG org.hibernate.SQL - 
    alter table if exists appointments 
       drop constraint if exists FKgpgce3qtc5fajyl4j5srcjkcf
2025-01-26 01:21:28 [main] DEBUG org.hibernate.SQL - 
    alter table if exists appointments 
       drop constraint if exists FKcl9b1a19a01yhjcdibna1gjl
2025-01-26 01:21:28 [main] DEBUG org.hibernate.SQL - 
    alter table if exists doctor 
       drop constraint if exists FK11wrxiolc8qa2e64s32xc2yy4
2025-01-26 01:21:28 [main] DEBUG org.hibernate.SQL - 
    alter table if exists patient 
       drop constraint if exists FKie6vajiyur53rjcl5nc2pe83t
2025-01-26 01:21:28 [main] DEBUG org.hibernate.SQL - 
    drop table if exists appointments cascade
2025-01-26 01:21:28 [main] DEBUG org.hibernate.SQL - 
    drop table if exists doctor cascade
2025-01-26 01:21:28 [main] DEBUG org.hibernate.SQL - 
    drop table if exists patient cascade
2025-01-26 01:21:28 [main] DEBUG org.hibernate.SQL - 
    drop table if exists users cascade
2025-01-26 01:21:28 [main] DEBUG org.hibernate.SQL - 
    create table appointments (
        date date not null,
        doctor_id integer not null,
        id integer generated by default as identity,
        patient_id integer not null,
        time time(6) not null,
        created_at timestamp(6),
        updated_at timestamp(6),
        procedure_type varchar(255) not null check (procedure_type in ('CONSULTATION','INTERVENTION','DRESSING','DIAGNOSTIC_TEST','SURGERY','PRESCRIPTION','FOLLOW_UP','EMERGENCY_CARE','VACCINATION')),
        status varchar(255) not null check (status in ('CONFIRMED','CANCELED')),
        primary key (id)
    )
2025-01-26 01:21:28 [main] DEBUG org.hibernate.SQL - 
    create table doctor (
        id integer generated by default as identity,
        user_id integer not null unique,
        about varchar(255),
        specialty varchar(255) not null check (specialty in ('FAMILY_MEDICINE','INTERNAL_MEDICINE','PEDIATRICS','GERIATRICS','GENERAL_SURGERY','ORTHOPEDICS','NEUROSURGERY','PLASTIC_SURGERY','CARDIOTHORACIC_SURGERY','UROLOGY','VASCULAR_SURGERY','RADIOLOGY','PATHOLOGY','CARDIOLOGY','NEUROLOGY','GASTROENTEROLOGY','HEMATOLOGY','ONCOLOGY','INFECTIOUS_DISEASE','RHEUMATOLOGY','ENDOCRINOLOGY','NEPHROLOGY','PULMONOLOGY','ALLERGY_AND_IMMUNOLOGY','OBSTETRICS_AND_GYNECOLOGY','EMERGENCY_MEDICINE','CRITICAL_CARE','PSYCHIATRY','DERMATOLOGY','OPHTHALMOLOGY','OTOLARYNGOLOGY','ANESTHESIOLOGY','DENTISTRY','SPORTS_MEDICINE','PHYSICAL_MEDICINE_AND_REHABILITATION','PREVENTIVE_MEDICINE','OCCUPATIONAL_MEDICINE','MEDICAL_GENETICS')),
        primary key (id)
    )
2025-01-26 01:21:28 [main] DEBUG org.hibernate.SQL - 
    create table patient (
        birthday date,
        create_time date,
        id integer generated by default as identity,
        user_id integer not null unique,
        address varchar(255),
        gender varchar(255),
        primary key (id)
    )
2025-01-26 01:21:28 [main] DEBUG org.hibernate.SQL - 
    create table users (
        created_at date,
        id integer generated by default as identity,
        email varchar(255) not null unique,
        name varchar(255) not null,
        password varchar(255) not null,
        phone varchar(255) not null unique,
        role varchar(255) not null check (role in ('PATIENT','DOCTOR','ADMIN','ASSISTANT')),
        primary key (id)
    )
2025-01-26 01:21:28 [main] DEBUG org.hibernate.SQL - 
    alter table if exists appointments 
       add constraint FKgpgce3qtc5fajyl4j5srcjkcf 
       foreign key (doctor_id) 
       references doctor
2025-01-26 01:21:28 [main] DEBUG org.hibernate.SQL - 
    alter table if exists appointments 
       add constraint FKcl9b1a19a01yhjcdibna1gjl 
       foreign key (patient_id) 
       references patient
2025-01-26 01:21:28 [main] DEBUG org.hibernate.SQL - 
    alter table if exists doctor 
       add constraint FK11wrxiolc8qa2e64s32xc2yy4 
       foreign key (user_id) 
       references users
2025-01-26 01:21:28 [main] DEBUG org.hibernate.SQL - 
    alter table if exists patient 
       add constraint FKie6vajiyur53rjcl5nc2pe83t 
       foreign key (user_id) 
       references users
2025-01-26 01:21:28 [main] INFO  o.s.o.j.LocalContainerEntityManagerFactoryBean - Initialized JPA EntityManagerFactory for persistence unit 'default'
2025-01-26 01:21:28 [main] WARN  o.s.b.a.o.j.JpaBaseConfiguration$JpaWebConfiguration - spring.jpa.open-in-view is enabled by default. Therefore, database queries may be performed during view rendering. Explicitly configure spring.jpa.open-in-view to disable this warning
2025-01-26 01:21:28 [main] INFO  o.a.coyote.http11.Http11NioProtocol - Starting ProtocolHandler ["http-nio-8080"]
2025-01-26 01:21:28 [main] INFO  o.s.b.w.e.tomcat.TomcatWebServer - Tomcat started on port 8080 (http) with context path '/'
2025-01-26 01:21:28 [main] INFO  c.z.c.CareConnectApplication - Started CareConnectApplication in 1.868 seconds (process running for 2.233)
2025-01-26 01:21:41 [SpringApplicationShutdownHook] INFO  o.s.b.w.e.tomcat.GracefulShutdown - Commencing graceful shutdown. Waiting for active requests to complete
2025-01-26 01:21:41 [tomcat-shutdown] INFO  o.s.b.w.e.tomcat.GracefulShutdown - Graceful shutdown complete
2025-01-26 01:21:41 [SpringApplicationShutdownHook] INFO  o.s.o.j.LocalContainerEntityManagerFactoryBean - Closing JPA EntityManagerFactory for persistence unit 'default'
2025-01-26 01:21:41 [SpringApplicationShutdownHook] DEBUG org.hibernate.SQL - 
    set client_min_messages = WARNING
2025-01-26 01:21:41 [SpringApplicationShutdownHook] DEBUG org.hibernate.SQL - 
    alter table if exists appointments 
       drop constraint if exists FKgpgce3qtc5fajyl4j5srcjkcf
2025-01-26 01:21:41 [SpringApplicationShutdownHook] DEBUG org.hibernate.SQL - 
    alter table if exists appointments 
       drop constraint if exists FKcl9b1a19a01yhjcdibna1gjl
2025-01-26 01:21:41 [SpringApplicationShutdownHook] DEBUG org.hibernate.SQL - 
    alter table if exists doctor 
       drop constraint if exists FK11wrxiolc8qa2e64s32xc2yy4
2025-01-26 01:21:41 [SpringApplicationShutdownHook] DEBUG org.hibernate.SQL - 
    alter table if exists patient 
       drop constraint if exists FKie6vajiyur53rjcl5nc2pe83t
2025-01-26 01:21:41 [SpringApplicationShutdownHook] DEBUG org.hibernate.SQL - 
    drop table if exists appointments cascade
2025-01-26 01:21:41 [SpringApplicationShutdownHook] DEBUG org.hibernate.SQL - 
    drop table if exists doctor cascade
2025-01-26 01:21:41 [SpringApplicationShutdownHook] DEBUG org.hibernate.SQL - 
    drop table if exists patient cascade
2025-01-26 01:21:41 [SpringApplicationShutdownHook] DEBUG org.hibernate.SQL - 
    drop table if exists users cascade
2025-01-26 01:21:41 [SpringApplicationShutdownHook] INFO  com.zaxxer.hikari.HikariDataSource - HikariPool-1 - Shutdown initiated...
2025-01-26 01:21:41 [SpringApplicationShutdownHook] INFO  com.zaxxer.hikari.HikariDataSource - HikariPool-1 - Shutdown completed.
2025-01-26 01:21:44 [background-preinit] INFO  o.h.validator.internal.util.Version - HV000001: Hibernate Validator 8.0.2.Final
2025-01-26 01:21:44 [main] INFO  c.z.c.CareConnectApplication - Starting CareConnectApplication using Java 21.0.1 with PID 2968 (C:\Users\zjebb\IdeaProjects\CareConnect\target\classes started by zjebb in C:\Users\zjebb\IdeaProjects\CareConnect)
2025-01-26 01:21:44 [main] INFO  c.z.c.CareConnectApplication - No active profile set, falling back to 1 default profile: "default"
2025-01-26 01:21:45 [main] INFO  o.s.d.r.c.RepositoryConfigurationDelegate - Bootstrapping Spring Data JPA repositories in DEFAULT mode.
2025-01-26 01:21:45 [main] INFO  o.s.d.r.c.RepositoryConfigurationDelegate - Finished Spring Data repository scanning in 24 ms. Found 4 JPA repository interfaces.
2025-01-26 01:21:45 [main] INFO  o.s.b.w.e.tomcat.TomcatWebServer - Tomcat initialized with port 8080 (http)
2025-01-26 01:21:45 [main] INFO  o.a.coyote.http11.Http11NioProtocol - Initializing ProtocolHandler ["http-nio-8080"]
2025-01-26 01:21:45 [main] INFO  o.a.catalina.core.StandardService - Starting service [Tomcat]
2025-01-26 01:21:45 [main] INFO  o.a.catalina.core.StandardEngine - Starting Servlet engine: [Apache Tomcat/10.1.34]
2025-01-26 01:21:45 [main] INFO  o.a.c.c.C.[Tomcat].[localhost].[/] - Initializing Spring embedded WebApplicationContext
2025-01-26 01:21:45 [main] INFO  o.s.b.w.s.c.ServletWebServerApplicationContext - Root WebApplicationContext: initialization completed in 531 ms
2025-01-26 01:21:45 [main] INFO  o.h.jpa.internal.util.LogHelper - HHH000204: Processing PersistenceUnitInfo [name: default]
2025-01-26 01:21:45 [main] INFO  org.hibernate.Version - HHH000412: Hibernate ORM core version 6.6.4.Final
2025-01-26 01:21:45 [main] INFO  o.h.c.i.RegionFactoryInitiator - HHH000026: Second-level cache disabled
2025-01-26 01:21:45 [main] INFO  o.s.o.j.p.SpringPersistenceUnitInfo - No LoadTimeWeaver setup: ignoring JPA class transformer
2025-01-26 01:21:45 [main] INFO  com.zaxxer.hikari.HikariDataSource - HikariPool-1 - Starting...
2025-01-26 01:21:45 [main] INFO  com.zaxxer.hikari.pool.HikariPool - HikariPool-1 - Added connection org.postgresql.jdbc.PgConnection@79b63325
2025-01-26 01:21:45 [main] INFO  com.zaxxer.hikari.HikariDataSource - HikariPool-1 - Start completed.
2025-01-26 01:21:45 [main] INFO  o.hibernate.orm.connections.pooling - HHH10001005: Database info:
	Database JDBC URL [Connecting through datasource 'HikariDataSource (HikariPool-1)']
	Database driver: undefined/unknown
	Database version: 16.1
	Autocommit mode: undefined/unknown
	Isolation level: undefined/unknown
	Minimum pool size: undefined/unknown
	Maximum pool size: undefined/unknown
2025-01-26 01:21:45 [main] DEBUG o.h.t.d.sql.spi.DdlTypeRegistry - addDescriptor(2003, org.hibernate.type.descriptor.sql.internal.ArrayDdlTypeImpl@750e2d33) replaced previous registration(org.hibernate.type.descriptor.sql.internal.ArrayDdlTypeImpl@359e27d2)
2025-01-26 01:21:45 [main] DEBUG o.h.t.d.sql.spi.DdlTypeRegistry - addDescriptor(6, org.hibernate.type.descriptor.sql.internal.CapacityDependentDdlType@277bc3a5) replaced previous registration(org.hibernate.type.descriptor.sql.internal.DdlTypeImpl@214fba74)
2025-01-26 01:21:46 [main] INFO  o.h.e.t.j.p.i.JtaPlatformInitiator - HHH000489: No JTA platform available (set 'hibernate.transaction.jta.platform' to enable JTA platform integration)
2025-01-26 01:21:46 [main] DEBUG org.hibernate.SQL - 
    set client_min_messages = WARNING
2025-01-26 01:21:46 [main] DEBUG org.hibernate.SQL - 
    alter table if exists appointments 
       drop constraint if exists FKgpgce3qtc5fajyl4j5srcjkcf
2025-01-26 01:21:46 [main] DEBUG org.hibernate.SQL - 
    alter table if exists appointments 
       drop constraint if exists FKcl9b1a19a01yhjcdibna1gjl
2025-01-26 01:21:46 [main] DEBUG org.hibernate.SQL - 
    alter table if exists doctor 
       drop constraint if exists FK11wrxiolc8qa2e64s32xc2yy4
2025-01-26 01:21:46 [main] DEBUG org.hibernate.SQL - 
    alter table if exists patient 
       drop constraint if exists FKie6vajiyur53rjcl5nc2pe83t
2025-01-26 01:21:46 [main] DEBUG org.hibernate.SQL - 
    drop table if exists appointments cascade
2025-01-26 01:21:46 [main] DEBUG org.hibernate.SQL - 
    drop table if exists doctor cascade
2025-01-26 01:21:46 [main] DEBUG org.hibernate.SQL - 
    drop table if exists patient cascade
2025-01-26 01:21:46 [main] DEBUG org.hibernate.SQL - 
    drop table if exists users cascade
2025-01-26 01:21:46 [main] DEBUG org.hibernate.SQL - 
    create table appointments (
        date date not null,
        doctor_id integer not null,
        id integer generated by default as identity,
        patient_id integer not null,
        time time(6) not null,
        created_at timestamp(6),
        updated_at timestamp(6),
        procedure_type varchar(255) not null check (procedure_type in ('CONSULTATION','INTERVENTION','DRESSING','DIAGNOSTIC_TEST','SURGERY','PRESCRIPTION','FOLLOW_UP','EMERGENCY_CARE','VACCINATION')),
        status varchar(255) not null check (status in ('CONFIRMED','CANCELED')),
        primary key (id)
    )
2025-01-26 01:21:46 [main] DEBUG org.hibernate.SQL - 
    create table doctor (
        id integer generated by default as identity,
        user_id integer not null unique,
        about varchar(255),
        specialty varchar(255) not null check (specialty in ('FAMILY_MEDICINE','INTERNAL_MEDICINE','PEDIATRICS','GERIATRICS','GENERAL_SURGERY','ORTHOPEDICS','NEUROSURGERY','PLASTIC_SURGERY','CARDIOTHORACIC_SURGERY','UROLOGY','VASCULAR_SURGERY','RADIOLOGY','PATHOLOGY','CARDIOLOGY','NEUROLOGY','GASTROENTEROLOGY','HEMATOLOGY','ONCOLOGY','INFECTIOUS_DISEASE','RHEUMATOLOGY','ENDOCRINOLOGY','NEPHROLOGY','PULMONOLOGY','ALLERGY_AND_IMMUNOLOGY','OBSTETRICS_AND_GYNECOLOGY','EMERGENCY_MEDICINE','CRITICAL_CARE','PSYCHIATRY','DERMATOLOGY','OPHTHALMOLOGY','OTOLARYNGOLOGY','ANESTHESIOLOGY','DENTISTRY','SPORTS_MEDICINE','PHYSICAL_MEDICINE_AND_REHABILITATION','PREVENTIVE_MEDICINE','OCCUPATIONAL_MEDICINE','MEDICAL_GENETICS')),
        primary key (id)
    )
2025-01-26 01:21:46 [main] DEBUG org.hibernate.SQL - 
    create table patient (
        birthday date,
        create_time date,
        id integer generated by default as identity,
        user_id integer not null unique,
        address varchar(255),
        gender varchar(255),
        primary key (id)
    )
2025-01-26 01:21:46 [main] DEBUG org.hibernate.SQL - 
    create table users (
        created_at date,
        id integer generated by default as identity,
        email varchar(255) not null unique,
        name varchar(255) not null,
        password varchar(255) not null,
        phone varchar(255) not null unique,
        role varchar(255) not null check (role in ('PATIENT','DOCTOR','ADMIN','ASSISTANT')),
        primary key (id)
    )
2025-01-26 01:21:46 [main] DEBUG org.hibernate.SQL - 
    alter table if exists appointments 
       add constraint FKgpgce3qtc5fajyl4j5srcjkcf 
       foreign key (doctor_id) 
       references doctor
2025-01-26 01:21:46 [main] DEBUG org.hibernate.SQL - 
    alter table if exists appointments 
       add constraint FKcl9b1a19a01yhjcdibna1gjl 
       foreign key (patient_id) 
       references patient
2025-01-26 01:21:46 [main] DEBUG org.hibernate.SQL - 
    alter table if exists doctor 
       add constraint FK11wrxiolc8qa2e64s32xc2yy4 
       foreign key (user_id) 
       references users
2025-01-26 01:21:46 [main] DEBUG org.hibernate.SQL - 
    alter table if exists patient 
       add constraint FKie6vajiyur53rjcl5nc2pe83t 
       foreign key (user_id) 
       references users
2025-01-26 01:21:46 [main] INFO  o.s.o.j.LocalContainerEntityManagerFactoryBean - Initialized JPA EntityManagerFactory for persistence unit 'default'
2025-01-26 01:21:46 [main] WARN  o.s.b.a.o.j.JpaBaseConfiguration$JpaWebConfiguration - spring.jpa.open-in-view is enabled by default. Therefore, database queries may be performed during view rendering. Explicitly configure spring.jpa.open-in-view to disable this warning
2025-01-26 01:21:46 [main] INFO  o.a.coyote.http11.Http11NioProtocol - Starting ProtocolHandler ["http-nio-8080"]
2025-01-26 01:21:46 [main] INFO  o.s.b.w.e.tomcat.TomcatWebServer - Tomcat started on port 8080 (http) with context path '/'
2025-01-26 01:21:46 [main] INFO  c.z.c.CareConnectApplication - Started CareConnectApplication in 1.905 seconds (process running for 2.215)
2025-01-26 01:21:52 [http-nio-8080-exec-1] INFO  o.a.c.c.C.[Tomcat].[localhost].[/] - Initializing Spring DispatcherServlet 'dispatcherServlet'
2025-01-26 01:21:52 [http-nio-8080-exec-1] INFO  o.s.web.servlet.DispatcherServlet - Initializing Servlet 'dispatcherServlet'
2025-01-26 01:21:52 [http-nio-8080-exec-1] INFO  o.s.web.servlet.DispatcherServlet - Completed initialization in 0 ms
2025-01-26 01:22:09 [SpringApplicationShutdownHook] INFO  o.s.b.w.e.tomcat.GracefulShutdown - Commencing graceful shutdown. Waiting for active requests to complete
2025-01-26 01:22:09 [tomcat-shutdown] INFO  o.s.b.w.e.tomcat.GracefulShutdown - Graceful shutdown complete
2025-01-26 01:22:09 [SpringApplicationShutdownHook] INFO  o.s.o.j.LocalContainerEntityManagerFactoryBean - Closing JPA EntityManagerFactory for persistence unit 'default'
2025-01-26 01:22:09 [SpringApplicationShutdownHook] DEBUG org.hibernate.SQL - 
    set client_min_messages = WARNING
2025-01-26 01:22:09 [SpringApplicationShutdownHook] DEBUG org.hibernate.SQL - 
    alter table if exists appointments 
       drop constraint if exists FKgpgce3qtc5fajyl4j5srcjkcf
2025-01-26 01:22:09 [SpringApplicationShutdownHook] DEBUG org.hibernate.SQL - 
    alter table if exists appointments 
       drop constraint if exists FKcl9b1a19a01yhjcdibna1gjl
2025-01-26 01:22:09 [SpringApplicationShutdownHook] DEBUG org.hibernate.SQL - 
    alter table if exists doctor 
       drop constraint if exists FK11wrxiolc8qa2e64s32xc2yy4
2025-01-26 01:22:09 [SpringApplicationShutdownHook] DEBUG org.hibernate.SQL - 
    alter table if exists patient 
       drop constraint if exists FKie6vajiyur53rjcl5nc2pe83t
2025-01-26 01:22:09 [SpringApplicationShutdownHook] DEBUG org.hibernate.SQL - 
    drop table if exists appointments cascade
2025-01-26 01:22:09 [SpringApplicationShutdownHook] DEBUG org.hibernate.SQL - 
    drop table if exists doctor cascade
2025-01-26 01:22:09 [SpringApplicationShutdownHook] DEBUG org.hibernate.SQL - 
    drop table if exists patient cascade
2025-01-26 01:22:09 [SpringApplicationShutdownHook] DEBUG org.hibernate.SQL - 
    drop table if exists users cascade
2025-01-26 01:22:09 [SpringApplicationShutdownHook] INFO  com.zaxxer.hikari.HikariDataSource - HikariPool-1 - Shutdown initiated...
2025-01-26 01:22:09 [SpringApplicationShutdownHook] INFO  com.zaxxer.hikari.HikariDataSource - HikariPool-1 - Shutdown completed.
2025-01-26 01:22:39 [background-preinit] INFO  o.h.validator.internal.util.Version - HV000001: Hibernate Validator 8.0.2.Final
2025-01-26 01:22:39 [main] INFO  c.z.c.CareConnectApplication - Starting CareConnectApplication using Java 21.0.1 with PID 10796 (C:\Users\zjebb\IdeaProjects\CareConnect\target\classes started by zjebb in C:\Users\zjebb\IdeaProjects\CareConnect)
2025-01-26 01:22:39 [main] INFO  c.z.c.CareConnectApplication - No active profile set, falling back to 1 default profile: "default"
2025-01-26 01:22:39 [main] INFO  o.s.d.r.c.RepositoryConfigurationDelegate - Bootstrapping Spring Data JPA repositories in DEFAULT mode.
2025-01-26 01:22:39 [main] INFO  o.s.d.r.c.RepositoryConfigurationDelegate - Finished Spring Data repository scanning in 22 ms. Found 4 JPA repository interfaces.
2025-01-26 01:22:40 [main] INFO  o.s.b.w.e.tomcat.TomcatWebServer - Tomcat initialized with port 8080 (http)
2025-01-26 01:22:40 [main] INFO  o.a.coyote.http11.Http11NioProtocol - Initializing ProtocolHandler ["http-nio-8080"]
2025-01-26 01:22:40 [main] INFO  o.a.catalina.core.StandardService - Starting service [Tomcat]
2025-01-26 01:22:40 [main] INFO  o.a.catalina.core.StandardEngine - Starting Servlet engine: [Apache Tomcat/10.1.34]
2025-01-26 01:22:40 [main] INFO  o.a.c.c.C.[Tomcat].[localhost].[/] - Initializing Spring embedded WebApplicationContext
2025-01-26 01:22:40 [main] INFO  o.s.b.w.s.c.ServletWebServerApplicationContext - Root WebApplicationContext: initialization completed in 504 ms
2025-01-26 01:22:40 [main] INFO  o.h.jpa.internal.util.LogHelper - HHH000204: Processing PersistenceUnitInfo [name: default]
2025-01-26 01:22:40 [main] INFO  org.hibernate.Version - HHH000412: Hibernate ORM core version 6.6.4.Final
2025-01-26 01:22:40 [main] INFO  o.h.c.i.RegionFactoryInitiator - HHH000026: Second-level cache disabled
2025-01-26 01:22:40 [main] INFO  o.s.o.j.p.SpringPersistenceUnitInfo - No LoadTimeWeaver setup: ignoring JPA class transformer
2025-01-26 01:22:40 [main] INFO  com.zaxxer.hikari.HikariDataSource - HikariPool-1 - Starting...
2025-01-26 01:22:40 [main] INFO  com.zaxxer.hikari.pool.HikariPool - HikariPool-1 - Added connection org.postgresql.jdbc.PgConnection@79b63325
2025-01-26 01:22:40 [main] INFO  com.zaxxer.hikari.HikariDataSource - HikariPool-1 - Start completed.
2025-01-26 01:22:40 [main] INFO  o.hibernate.orm.connections.pooling - HHH10001005: Database info:
	Database JDBC URL [Connecting through datasource 'HikariDataSource (HikariPool-1)']
	Database driver: undefined/unknown
	Database version: 16.1
	Autocommit mode: undefined/unknown
	Isolation level: undefined/unknown
	Minimum pool size: undefined/unknown
	Maximum pool size: undefined/unknown
2025-01-26 01:22:40 [main] DEBUG o.h.t.d.sql.spi.DdlTypeRegistry - addDescriptor(2003, org.hibernate.type.descriptor.sql.internal.ArrayDdlTypeImpl@750e2d33) replaced previous registration(org.hibernate.type.descriptor.sql.internal.ArrayDdlTypeImpl@359e27d2)
2025-01-26 01:22:40 [main] DEBUG o.h.t.d.sql.spi.DdlTypeRegistry - addDescriptor(6, org.hibernate.type.descriptor.sql.internal.CapacityDependentDdlType@277bc3a5) replaced previous registration(org.hibernate.type.descriptor.sql.internal.DdlTypeImpl@214fba74)
2025-01-26 01:22:41 [main] INFO  o.h.e.t.j.p.i.JtaPlatformInitiator - HHH000489: No JTA platform available (set 'hibernate.transaction.jta.platform' to enable JTA platform integration)
2025-01-26 01:22:41 [main] DEBUG org.hibernate.SQL - 
    set client_min_messages = WARNING
2025-01-26 01:22:41 [main] DEBUG org.hibernate.SQL - 
    alter table if exists appointments 
       drop constraint if exists FKgpgce3qtc5fajyl4j5srcjkcf
2025-01-26 01:22:41 [main] DEBUG org.hibernate.SQL - 
    alter table if exists appointments 
       drop constraint if exists FKcl9b1a19a01yhjcdibna1gjl
2025-01-26 01:22:41 [main] DEBUG org.hibernate.SQL - 
    alter table if exists doctor 
       drop constraint if exists FK11wrxiolc8qa2e64s32xc2yy4
2025-01-26 01:22:41 [main] DEBUG org.hibernate.SQL - 
    alter table if exists patient 
       drop constraint if exists FKie6vajiyur53rjcl5nc2pe83t
2025-01-26 01:22:41 [main] DEBUG org.hibernate.SQL - 
    drop table if exists appointments cascade
2025-01-26 01:22:41 [main] DEBUG org.hibernate.SQL - 
    drop table if exists doctor cascade
2025-01-26 01:22:41 [main] DEBUG org.hibernate.SQL - 
    drop table if exists patient cascade
2025-01-26 01:22:41 [main] DEBUG org.hibernate.SQL - 
    drop table if exists users cascade
2025-01-26 01:22:41 [main] DEBUG org.hibernate.SQL - 
    create table appointments (
        date date not null,
        doctor_id integer not null,
        id integer generated by default as identity,
        patient_id integer not null,
        time time(6) not null,
        created_at timestamp(6),
        updated_at timestamp(6),
        procedure_type varchar(255) not null check (procedure_type in ('CONSULTATION','INTERVENTION','DRESSING','DIAGNOSTIC_TEST','SURGERY','PRESCRIPTION','FOLLOW_UP','EMERGENCY_CARE','VACCINATION')),
        status varchar(255) not null check (status in ('CONFIRMED','CANCELED')),
        primary key (id)
    )
2025-01-26 01:22:41 [main] DEBUG org.hibernate.SQL - 
    create table doctor (
        id integer generated by default as identity,
        user_id integer not null unique,
        about varchar(255),
        specialty varchar(255) not null check (specialty in ('FAMILY_MEDICINE','INTERNAL_MEDICINE','PEDIATRICS','GERIATRICS','GENERAL_SURGERY','ORTHOPEDICS','NEUROSURGERY','PLASTIC_SURGERY','CARDIOTHORACIC_SURGERY','UROLOGY','VASCULAR_SURGERY','RADIOLOGY','PATHOLOGY','CARDIOLOGY','NEUROLOGY','GASTROENTEROLOGY','HEMATOLOGY','ONCOLOGY','INFECTIOUS_DISEASE','RHEUMATOLOGY','ENDOCRINOLOGY','NEPHROLOGY','PULMONOLOGY','ALLERGY_AND_IMMUNOLOGY','OBSTETRICS_AND_GYNECOLOGY','EMERGENCY_MEDICINE','CRITICAL_CARE','PSYCHIATRY','DERMATOLOGY','OPHTHALMOLOGY','OTOLARYNGOLOGY','ANESTHESIOLOGY','DENTISTRY','SPORTS_MEDICINE','PHYSICAL_MEDICINE_AND_REHABILITATION','PREVENTIVE_MEDICINE','OCCUPATIONAL_MEDICINE','MEDICAL_GENETICS')),
        primary key (id)
    )
2025-01-26 01:22:41 [main] DEBUG org.hibernate.SQL - 
    create table patient (
        birthday date,
        create_time date,
        id integer generated by default as identity,
        user_id integer not null unique,
        address varchar(255),
        gender varchar(255),
        primary key (id)
    )
2025-01-26 01:22:41 [main] DEBUG org.hibernate.SQL - 
    create table users (
        created_at date,
        id integer generated by default as identity,
        email varchar(255) not null unique,
        name varchar(255) not null,
        password varchar(255) not null,
        phone varchar(255) not null unique,
        role varchar(255) not null check (role in ('PATIENT','DOCTOR','ADMIN','ASSISTANT')),
        primary key (id)
    )
2025-01-26 01:22:41 [main] DEBUG org.hibernate.SQL - 
    alter table if exists appointments 
       add constraint FKgpgce3qtc5fajyl4j5srcjkcf 
       foreign key (doctor_id) 
       references doctor
2025-01-26 01:22:41 [main] DEBUG org.hibernate.SQL - 
    alter table if exists appointments 
       add constraint FKcl9b1a19a01yhjcdibna1gjl 
       foreign key (patient_id) 
       references patient
2025-01-26 01:22:41 [main] DEBUG org.hibernate.SQL - 
    alter table if exists doctor 
       add constraint FK11wrxiolc8qa2e64s32xc2yy4 
       foreign key (user_id) 
       references users
2025-01-26 01:22:41 [main] DEBUG org.hibernate.SQL - 
    alter table if exists patient 
       add constraint FKie6vajiyur53rjcl5nc2pe83t 
       foreign key (user_id) 
       references users
2025-01-26 01:22:41 [main] INFO  o.s.o.j.LocalContainerEntityManagerFactoryBean - Initialized JPA EntityManagerFactory for persistence unit 'default'
2025-01-26 01:22:41 [main] WARN  o.s.b.a.o.j.JpaBaseConfiguration$JpaWebConfiguration - spring.jpa.open-in-view is enabled by default. Therefore, database queries may be performed during view rendering. Explicitly configure spring.jpa.open-in-view to disable this warning
2025-01-26 01:22:41 [main] INFO  o.a.coyote.http11.Http11NioProtocol - Starting ProtocolHandler ["http-nio-8080"]
2025-01-26 01:22:41 [main] INFO  o.s.b.w.e.tomcat.TomcatWebServer - Tomcat started on port 8080 (http) with context path '/'
2025-01-26 01:22:41 [main] INFO  c.z.c.CareConnectApplication - Started CareConnectApplication in 1.886 seconds (process running for 2.194)
2025-01-26 01:23:16 [SpringApplicationShutdownHook] INFO  o.s.b.w.e.tomcat.GracefulShutdown - Commencing graceful shutdown. Waiting for active requests to complete
2025-01-26 01:23:16 [tomcat-shutdown] INFO  o.s.b.w.e.tomcat.GracefulShutdown - Graceful shutdown complete
2025-01-26 01:23:16 [SpringApplicationShutdownHook] INFO  o.s.o.j.LocalContainerEntityManagerFactoryBean - Closing JPA EntityManagerFactory for persistence unit 'default'
2025-01-26 01:23:16 [SpringApplicationShutdownHook] DEBUG org.hibernate.SQL - 
    set client_min_messages = WARNING
2025-01-26 01:23:16 [SpringApplicationShutdownHook] DEBUG org.hibernate.SQL - 
    alter table if exists appointments 
       drop constraint if exists FKgpgce3qtc5fajyl4j5srcjkcf
2025-01-26 01:23:16 [SpringApplicationShutdownHook] DEBUG org.hibernate.SQL - 
    alter table if exists appointments 
       drop constraint if exists FKcl9b1a19a01yhjcdibna1gjl
2025-01-26 01:23:16 [SpringApplicationShutdownHook] DEBUG org.hibernate.SQL - 
    alter table if exists doctor 
       drop constraint if exists FK11wrxiolc8qa2e64s32xc2yy4
2025-01-26 01:23:16 [SpringApplicationShutdownHook] DEBUG org.hibernate.SQL - 
    alter table if exists patient 
       drop constraint if exists FKie6vajiyur53rjcl5nc2pe83t
2025-01-26 01:23:16 [SpringApplicationShutdownHook] DEBUG org.hibernate.SQL - 
    drop table if exists appointments cascade
2025-01-26 01:23:16 [SpringApplicationShutdownHook] DEBUG org.hibernate.SQL - 
    drop table if exists doctor cascade
2025-01-26 01:23:16 [SpringApplicationShutdownHook] DEBUG org.hibernate.SQL - 
    drop table if exists patient cascade
2025-01-26 01:23:16 [SpringApplicationShutdownHook] DEBUG org.hibernate.SQL - 
    drop table if exists users cascade
2025-01-26 01:23:16 [SpringApplicationShutdownHook] INFO  com.zaxxer.hikari.HikariDataSource - HikariPool-1 - Shutdown initiated...
2025-01-26 01:23:16 [SpringApplicationShutdownHook] INFO  com.zaxxer.hikari.HikariDataSource - HikariPool-1 - Shutdown completed.
